\BOOKMARK [0][-]{figure.caption.2}{\376\377\000R\000e\000s\000u\000m\000e\000n\000\040\000e\000n\000\040\000e\000s\000p\000a\000\361\000o\000l\000\040}{}% 1
\BOOKMARK [0][-]{figure.caption.2}{\376\377\000R\000e\000s\000u\000m\000e\000n\000\040\000e\000n\000\040\000i\000n\000g\000l\000\351\000s\000\040}{}% 2
\BOOKMARK [0][-]{chapter*.3}{\376\377\000D\000e\000d\000i\000c\000a\000t\000o\000r\000i\000a\000\040}{}% 3
\BOOKMARK [0][-]{chapter*.4}{\376\377\000A\000g\000r\000a\000d\000e\000c\000i\000m\000i\000e\000n\000t\000o\000s\000\040}{}% 4
\BOOKMARK [0][-]{chapter*.6}{\376\377\000L\000i\000s\000t\000a\000\040\000d\000e\000\040\000f\000i\000g\000u\000r\000a\000s\000\040}{}% 5
\BOOKMARK [0][-]{chapter*.7}{\376\377\000L\000i\000s\000t\000a\000\040\000d\000e\000\040\000t\000a\000b\000l\000a\000s\000\040}{}% 6
\BOOKMARK [-1][-]{chapter.1}{\376\377\000C\000a\000p\000\355\000t\000u\000l\000o\000\040\000I\000n\000t\000r\000o\000d\000u\000c\000c\000i\000\363\000n\000\040\000e\000s\000t\000a\000\040\000e\000s\000\040\000u\000n\000a\000\040\000p\000r\000u\000e\000b\000a\000\040\000p\000a\000r\000a\000\040\000q\000u\000e\000\040\000e\000l\000\040\000t\000\355\000t\000u\000l\000o\000\040\000s\000e\000\040\000p\000u\000e\000d\000a\000\040\000h\000a\000c\000e\000r\000\040\000e\000n\000\040\000d\000o\000s\000\040\000r\000e\000n\000g\000l\000o\000n\000e\000s}{}% 7
\BOOKMARK [0][-]{section.1.1}{\376\377\000A\000n\000t\000e\000c\000e\000d\000e\000n\000t\000e\000s}{chapter.1}% 8
\BOOKMARK [1][-]{section.1.2}{\376\377\000J\000u\000s\000t\000i\000f\000i\000c\000a\000c\000i\000\363\000n\000\040\000\050\000o\000p\000c\000i\000o\000n\000a\000l\000\051}{section.1.1}% 9
\BOOKMARK [1][-]{section.1.3}{\376\377\000H\000i\000p\000\363\000t\000e\000s\000i\000s\000\040\000\050\000o\000p\000c\000i\000o\000n\000a\000l\000\051}{section.1.1}% 10
\BOOKMARK [1][-]{section.1.4}{\376\377\000O\000b\000j\000e\000t\000i\000v\000o\000s}{section.1.1}% 11
\BOOKMARK [2][-]{subsection.1.4.1}{\376\377\000O\000b\000j\000e\000t\000i\000v\000o\000\040\000g\000e\000n\000e\000r\000a\000l}{section.1.4}% 12
\BOOKMARK [2][-]{subsection.1.4.2}{\376\377\000O\000b\000j\000e\000t\000i\000v\000o\000s\000\040\000e\000s\000p\000e\000c\000i\000f\000i\000c\000o\000s}{section.1.4}% 13
\BOOKMARK [-1][-]{chapter.2}{\376\377\000C\000a\000p\000\355\000t\000u\000l\000o\000\040\000M\000e\000t\000o\000d\000o\000l\000o\000g\000\355\000a}{}% 14
\BOOKMARK [0][-]{section.2.1}{\376\377\000E\000c\000u\000a\000c\000i\000\363\000n\000\040\000\050\000e\000j\000e\000m\000p\000l\000o\000\051}{chapter.2}% 15
\BOOKMARK [1][-]{section.2.2}{\376\377\000F\000i\000g\000u\000r\000a\000\040\000\050\000e\000j\000e\000m\000p\000l\000o\000\051}{section.2.1}% 16
\BOOKMARK [1][-]{section.2.3}{\376\377\000T\000a\000b\000l\000a\000s\000\040\000\050\000e\000j\000e\000m\000p\000l\000o\000\051}{section.2.1}% 17
\BOOKMARK [-1][-]{chapter.3}{\376\377\000C\000a\000p\000\355\000t\000u\000l\000o\000\040\000R\000e\000s\000u\000l\000t\000a\000d\000o\000s}{}% 18
\BOOKMARK [-1][-]{chapter.4}{\376\377\000C\000a\000p\000\355\000t\000u\000l\000o\000\040\000D\000i\000s\000c\000u\000s\000i\000\363\000n}{}% 19
\BOOKMARK [-1][-]{chapter.5}{\376\377\000C\000a\000p\000\355\000t\000u\000l\000o\000\040\000C\000o\000n\000c\000l\000u\000s\000i\000o\000n\000e\000s}{}% 20
\BOOKMARK [0][-]{section*.9}{\376\377\000L\000i\000t\000e\000r\000a\000t\000u\000r\000a\000\040\000c\000i\000t\000a\000d\000a\000\040}{chapter.5}% 21
\BOOKMARK [0][-]{chapter.6}{\376\377\000A\000n\000e\000x\000o}{chapter.5}% 22
